.                                        |  WARN  Unsupported engine: wanted: {"node":">=22.12.0 <23.0.0"} (current: {"node":"v24.13.1","pnpm":"10.6.1"})
▲ Next.js 16.2.1 (Turbopack)
- Local:         http://localhost:4200
- Network:       http://192.168.100.116:4200
✓ Ready in 633ms
Creating turbopack project {
  dir: 'C:\\Users\\abdel\\Desktop\\OminiFLow\\apps\\frontend',
  testMode: true
}
- Experiments (use with caution):
  · clientTraceMetadata
  · proxyTimeout: 90000

🌐 i18next is made possible by our own product, Locize — consider powering your project with managed localization (AI, CDN, integrations): https://locize.com 💙
 GET / 200 in 4.0s (next.js: 2.0s, proxy.ts: 326ms, application-code: 1634ms)
○ Compiling /auth ...
 GET /auth 200 in 4.7s (next.js: 4.1s, proxy.ts: 17ms, application-code: 617ms)
 GET /auth 200 in 5.3s (next.js: 4.8s, proxy.ts: 10ms, application-code: 553ms)
○ Compiling /auth/login ...
 GET /auth/login 200 in 3.7s (next.js: 3.6s, proxy.ts: 11ms, application-code: 67ms)
○ Compiling /launches ...
 GET /launches 200 in 16.8s (next.js: 15.3s, proxy.ts: 7ms, application-code: 1553ms)
○ Compiling /_not-found/page ...
 GET /launches/admin 404 in 4.6s (next.js: 4.5s, proxy.ts: 9ms, application-code: 112ms)
 GET /launches 200 in 87ms (next.js: 7ms, proxy.ts: 6ms, application-code: 74ms)
 GET /admin 200 in 2.7s (next.js: 2.6s, proxy.ts: 7ms, application-code: 106ms)
 GET /admin/users 200 in 2.2s (next.js: 2.1s, proxy.ts: 8ms, application-code: 39ms)
○ Compiling /admin/subscriptions ...
 GET /admin/subscriptions 200 in 4.9s (next.js: 4.8s, proxy.ts: 11ms, application-code: 63ms)
 GET /admin/discounts 200 in 2.4s (next.js: 2.2s, proxy.ts: 7ms, application-code: 139ms)
 GET /admin/discounts 200 in 96ms (next.js: 34ms, proxy.ts: 28ms, application-code: 34ms)
 GET /admin/emails 200 in 2.4s (next.js: 2.4s, proxy.ts: 14ms, application-code: 43ms)
 GET /admin/emails 200 in 47ms (next.js: 10ms, proxy.ts: 6ms, application-code: 31ms)
 GET /admin/issues 200 in 2.2s (next.js: 2.2s, proxy.ts: 6ms, application-code: 40ms)
 GET /admin/reviews 200 in 2.3s (next.js: 2.2s, proxy.ts: 10ms, application-code: 68ms)
 GET /admin/statistics 200 in 1943ms (next.js: 1903ms, proxy.ts: 6ms, application-code: 35ms)
 GET /admin 200 in 229ms (next.js: 96ms, proxy.ts: 9ms, application-code: 124ms)
✓ Compiled in 1612ms
 GET /admin 200 in 1061ms (next.js: 909ms, proxy.ts: 10ms, application-code: 143ms)
 GET /admin 200 in 1781ms (next.js: 457ms, proxy.ts: 139ms, application-code: 1185ms)
 GET /admin 200 in 1666ms (next.js: 17ms, proxy.ts: 566ms, application-code: 1083ms)
 GET /admin/users 200 in 229ms (next.js: 177ms, proxy.ts: 7ms, application-code: 45ms)
 GET /auth 200 in 808ms (next.js: 42ms, proxy.ts: 6ms, application-code: 761ms)
 GET /admin/subscriptions 200 in 565ms (next.js: 476ms, proxy.ts: 16ms, application-code: 73ms)
 GET /admin/discounts 200 in 404ms (next.js: 340ms, proxy.ts: 7ms, application-code: 58ms)
 GET /admin/emails 200 in 440ms (next.js: 354ms, proxy.ts: 10ms, application-code: 77ms)
 GET /admin/issues 200 in 477ms (next.js: 393ms, proxy.ts: 9ms, application-code: 75ms)
 GET /admin/reviews 200 in 422ms (next.js: 352ms, proxy.ts: 11ms, application-code: 59ms)
 GET /admin/statistics 200 in 528ms (next.js: 430ms, proxy.ts: 15ms, application-code: 82ms)
 GET /admin 200 in 81ms (next.js: 13ms, proxy.ts: 8ms, application-code: 59ms)
○ Compiling /agents ...
 GET /agents 200 in 24.2s (next.js: 24.0s, proxy.ts: 12ms, application-code: 170ms)
○ Compiling /agents/[id] ...
 GET /launches 200 in 2.1s (next.js: 1690ms, proxy.ts: 131ms, application-code: 283ms)
 GET /agents/new 200 in 17.2s (next.js: 16.1s, proxy.ts: 36ms, application-code: 994ms)
 GET / 200 in 3.1s (next.js: 151ms, proxy.ts: 23ms, application-code: 2.9s)
✓ Finished writing to filesystem cache in 11.3s
✓ Finished filesystem cache database compaction in 14.3s
 GET / 200 in 62ms (next.js: 20ms, proxy.ts: 15ms, application-code: 27ms)
 GET / 200 in 41ms (next.js: 12ms, proxy.ts: 11ms, application-code: 17ms)
✓ Compiled in 1338ms
○ Compiling / ...
✓ Compiled in 10.7s
 GET / 200 in 17.2s (next.js: 11.9s, proxy.ts: 43ms, application-code: 5.3s)
 GET / 200 in 3.6s (next.js: 30ms, proxy.ts: 858ms, application-code: 2.8s)
 GET / 200 in 2.2s (next.js: 307ms, proxy.ts: 199ms, application-code: 1702ms)
 GET / 200 in 2.2s (next.js: 699ms, proxy.ts: 226ms, application-code: 1269ms)
 GET / 200 in 2.2s (next.js: 1140ms, proxy.ts: 238ms, application-code: 792ms)
✓ Finished filesystem cache database compaction in 12.9s
✓ Compiled in 688ms
 GET / 200 in 378ms (next.js: 183ms, proxy.ts: 7ms, application-code: 188ms)
 GET / 200 in 47ms (next.js: 14ms, proxy.ts: 15ms, application-code: 18ms)
 GET / 200 in 2.9s (next.js: 431ms, proxy.ts: 17ms, application-code: 2.5s)
 GET / 200 in 285ms (next.js: 136ms, proxy.ts: 54ms, application-code: 95ms)
 GET / 200 in 292ms (next.js: 78ms, proxy.ts: 54ms, application-code: 161ms)
 GET / 200 in 2.2s (next.js: 841ms, proxy.ts: 17ms, application-code: 1330ms)
 GET / 200 in 300ms (next.js: 20ms, proxy.ts: 54ms, application-code: 226ms)
 GET / 200 in 2.4s (next.js: 17ms, proxy.ts: 24ms, application-code: 2.3s)
 GET /auth/login 200 in 3.5s (next.js: 2.5s, proxy.ts: 66ms, application-code: 976ms)
 GET /auth?state=login&iss=https%3A%2F%2Faccounts.google.com&code=4%2F0AeoWuM-GK4-Vv7Wo9x4nhfHHd85b30CW-ytaRd0B2HkjcbooC74iD-c8n1ZsVUBSNQZ_HQ&scope=email+profile+https%3A%2F%2Fwww.googleapis.com%2Fauth%2Fuserinfo.profile+https%3A%2F%2Fwww.googleapis.com%2Fauth%2Fuserinfo.email+openid&authuser=3&prompt=consent&provider=GOOGLE 200 in 4.3s (next.js: 890ms, proxy.ts: 21ms, application-code: 3.4s)
 GET /launches 200 in 7.5s (next.js: 1233ms, proxy.ts: 25ms, application-code: 6.3s)
 GET / 200 in 490ms (next.js: 15ms, proxy.ts: 15ms, application-code: 460ms)
 GET /auth/login 200 in 104ms (next.js: 14ms, proxy.ts: 15ms, application-code: 76ms)
 GET /auth?state=login&iss=https%3A%2F%2Faccounts.google.com&code=4%2F0AeoWuM8D2ZfG3NzxnFxCfi6nB-4qPuch_oAYhouRdkJ66scg6FDChKC8qQ7Uuwqcucug9w&scope=email+profile+https%3A%2F%2Fwww.googleapis.com%2Fauth%2Fuserinfo.profile+https%3A%2F%2Fwww.googleapis.com%2Fauth%2Fuserinfo.email+openid&authuser=2&prompt=consent&provider=GOOGLE 200 in 205ms (next.js: 12ms, proxy.ts: 10ms, application-code: 183ms)
 GET /launches 200 in 191ms (next.js: 10ms, proxy.ts: 13ms, application-code: 167ms)
 GET /uploads/2026/05/11/38eda751b694ea122110a61c2cb8efcb7.jpeg 404 in 286ms (next.js: 61ms, proxy.ts: 15ms, application-code: 210ms)
 GET /admin 200 in 429ms (next.js: 313ms, proxy.ts: 21ms, application-code: 94ms)
 GET /admin/users 200 in 447ms (next.js: 360ms, proxy.ts: 11ms, application-code: 77ms)
 GET /launches 200 in 92ms (next.js: 11ms, proxy.ts: 13ms, application-code: 68ms)
 GET /uploads/2026/05/11/38eda751b694ea122110a61c2cb8efcb7.jpeg 404 in 107ms (next.js: 13ms, proxy.ts: 10ms, application-code: 84ms)
 GET /agents 200 in 526ms (next.js: 420ms, proxy.ts: 10ms, application-code: 96ms)
 GET /agents/new 200 in 619ms (next.js: 525ms, proxy.ts: 14ms, application-code: 80ms)
 GET /uploads/2026/05/11/38eda751b694ea122110a61c2cb8efcb7.jpeg 404 in 124ms (next.js: 24ms, proxy.ts: 21ms, application-code: 80ms)
 GET /admin 200 in 78ms (next.js: 12ms, proxy.ts: 13ms, application-code: 54ms)
 GET /launches 200 in 89ms (next.js: 20ms, proxy.ts: 10ms, application-code: 58ms)
 GET /uploads/2026/05/11/38eda751b694ea122110a61c2cb8efcb7.jpeg 404 in 107ms (next.js: 22ms, proxy.ts: 13ms, application-code: 72ms)
 GET /admin 200 in 65ms (next.js: 8ms, proxy.ts: 13ms, application-code: 44ms)
✓ Compiled in 1284ms
✓ Compiled in 727ms
 GET /admin/users 200 in 1542ms (next.js: 1244ms, proxy.ts: 22ms, application-code: 276ms)
 GET /admin 200 in 2.4s (next.js: 2.1s, proxy.ts: 34ms, application-code: 248ms)
✓ Finished filesystem cache database compaction in 12.3s
✓ Compiled in 744ms
✓ Compiled in 824ms
✓ Compiled in 651ms
 GET /launches 200 in 1088ms (next.js: 901ms, proxy.ts: 24ms, application-code: 162ms)
 GET /uploads/2026/05/11/38eda751b694ea122110a61c2cb8efcb7.jpeg 404 in 273ms (next.js: 54ms, proxy.ts: 22ms, application-code: 197ms)
 GET / 200 in 1658ms (next.js: 30ms, proxy.ts: 21ms, application-code: 1607ms)
 GET /auth/login 200 in 146ms (next.js: 35ms, proxy.ts: 16ms, application-code: 95ms)
 GET /auth/login 200 in 202ms (next.js: 27ms, proxy.ts: 26ms, application-code: 149ms)
 GET / 200 in 2.1s (next.js: 29ms, proxy.ts: 34ms, application-code: 2.1s)
✓ Compiled in 13.1s
 GET / 200 in 13.0s (next.js: 892ms, proxy.ts: 8ms, application-code: 12.1s)
 GET / 200 in 628ms (next.js: 97ms, proxy.ts: 308ms, application-code: 222ms)
 GET / 200 in 627ms (next.js: 161ms, proxy.ts: 308ms, application-code: 157ms)
 GET / 200 in 633ms (next.js: 22ms, proxy.ts: 308ms, application-code: 303ms)
 GET / 200 in 1668ms (next.js: 118ms, proxy.ts: 148ms, application-code: 1402ms)
 GET / 200 in 1758ms (next.js: 225ms, proxy.ts: 149ms, application-code: 1384ms)
✓ Finished writing to filesystem cache in 13.5s
